app/build/intermediates/manifest_merge_blame_file/debug/processDebugMainManifest/manifest-merger-blame-debug-report.txt
1<?xml version="1.0" encoding="utf-8"?>
2<manifest xmlns:android="http://schemas.android.com/apk/res/android"
3    package="com.shahar.quickcontacts"
4    android:versionCode="8"
5    android:versionName="1.6.1" >
6
7    <uses-sdk
8        android:minSdkVersion="26"
9        android:targetSdkVersion="35" />
10
11    <uses-permission android:name="android.permission.READ_CONTACTS" />
11-->src/main/AndroidManifest.xml:2:5-72
11-->src/main/AndroidManifest.xml:2:22-69
12    <uses-permission android:name="android.permission.CALL_PHONE" />
12-->src/main/AndroidManifest.xml:3:5-69
12-->src/main/AndroidManifest.xml:3:22-66
13    <uses-permission android:name="android.permission.INTERNET" />
13-->src/main/AndroidManifest.xml:4:5-67
13-->src/main/AndroidManifest.xml:4:22-64
14    <uses-permission android:name="android.permission.REQUEST_INSTALL_PACKAGES" />
14-->src/main/AndroidManifest.xml:5:5-83
14-->src/main/AndroidManifest.xml:5:22-80
15    <uses-permission android:name="android.permission.SYSTEM_ALERT_WINDOW" />
15-->src/main/AndroidManifest.xml:6:5-78
15-->src/main/AndroidManifest.xml:6:22-75
16    <uses-permission android:name="android.permission.FOREGROUND_SERVICE" />
16-->src/main/AndroidManifest.xml:7:5-77
16-->src/main/AndroidManifest.xml:7:22-74
17
18    <application
18-->src/main/AndroidManifest.xml:9:5-68:19
19        android:allowBackup="true"
19-->src/main/AndroidManifest.xml:10:9-35
20        android:debuggable="true"
21        android:extractNativeLibs="false"
22        android:icon="@drawable/app_icon"
22-->src/main/AndroidManifest.xml:12:9-42
23        android:label="@string/app_name"
23-->src/main/AndroidManifest.xml:11:9-41
24        android:roundIcon="@drawable/app_icon"
24-->src/main/AndroidManifest.xml:13:9-47
25        android:theme="@style/Theme.QuickContacts" >
25-->src/main/AndroidManifest.xml:14:9-51
26        <activity
26-->src/main/AndroidManifest.xml:16:9-21:73
27            android:name="com.shahar.quickcontacts.CallTransitionActivity"
27-->src/main/AndroidManifest.xml:17:13-51
28            android:excludeFromRecents="true"
28-->src/main/AndroidManifest.xml:19:13-46
29            android:exported="false"
29-->src/main/AndroidManifest.xml:18:13-37
30            android:noHistory="true"
30-->src/main/AndroidManifest.xml:20:13-37
31            android:theme="@style/Theme.QuickContacts.CallTransition" />
31-->src/main/AndroidManifest.xml:21:13-70
32        <activity
32-->src/main/AndroidManifest.xml:23:9-30:20
33            android:name="com.shahar.quickcontacts.MainActivity"
33-->src/main/AndroidManifest.xml:24:13-41
34            android:exported="true" >
34-->src/main/AndroidManifest.xml:25:13-36
35            <intent-filter>
35-->src/main/AndroidManifest.xml:26:13-29:29
36                <action android:name="android.intent.action.MAIN" />
36-->src/main/AndroidManifest.xml:27:17-69
36-->src/main/AndroidManifest.xml:27:25-66
37
38                <category android:name="android.intent.category.LAUNCHER" />
38-->src/main/AndroidManifest.xml:28:17-77
38-->src/main/AndroidManifest.xml:28:27-74
39            </intent-filter>
40        </activity>
41
42        <receiver
42-->src/main/AndroidManifest.xml:33:9-35:40
43            android:name="com.shahar.quickcontacts.CallActionReceiver"
43-->src/main/AndroidManifest.xml:34:13-47
44            android:exported="false" />
44-->src/main/AndroidManifest.xml:35:13-37
45
46        <service
46-->src/main/AndroidManifest.xml:37:9-40:60
47            android:name="com.shahar.quickcontacts.CallOverlayService"
47-->src/main/AndroidManifest.xml:38:13-47
48            android:exported="false"
48-->src/main/AndroidManifest.xml:39:13-37
49            android:foregroundServiceType="shortService" />
49-->src/main/AndroidManifest.xml:40:13-57
50        <service
50-->src/main/AndroidManifest.xml:42:9-45:40
51            android:name="com.shahar.quickcontacts.ContactsWidgetService"
51-->src/main/AndroidManifest.xml:43:13-50
52            android:exported="false"
52-->src/main/AndroidManifest.xml:45:13-37
53            android:permission="android.permission.BIND_REMOTEVIEWS" />
53-->src/main/AndroidManifest.xml:44:13-69
54
55        <receiver
55-->src/main/AndroidManifest.xml:47:9-56:20
56            android:name="com.shahar.quickcontacts.QuickContactsWidget"
56-->src/main/AndroidManifest.xml:48:13-48
57            android:exported="false" >
57-->src/main/AndroidManifest.xml:49:13-37
58            <intent-filter>
58-->src/main/AndroidManifest.xml:50:13-52:29
59                <action android:name="android.appwidget.action.APPWIDGET_UPDATE" />
59-->src/main/AndroidManifest.xml:51:17-84
59-->src/main/AndroidManifest.xml:51:25-81
60            </intent-filter>
61
62            <meta-data
62-->src/main/AndroidManifest.xml:53:13-55:70
63                android:name="android.appwidget.provider"
63-->src/main/AndroidManifest.xml:54:17-58
64                android:resource="@xml/quick_contacts_widget_info" />
64-->src/main/AndroidManifest.xml:55:17-67
65        </receiver>
66        <receiver
66-->src/main/AndroidManifest.xml:58:9-67:20
67            android:name="com.shahar.quickcontacts.DemoCallWidget"
67-->src/main/AndroidManifest.xml:59:13-43
68            android:exported="false" >
68-->src/main/AndroidManifest.xml:60:13-37
69            <intent-filter>
69-->src/main/AndroidManifest.xml:50:13-52:29
70                <action android:name="android.appwidget.action.APPWIDGET_UPDATE" />
70-->src/main/AndroidManifest.xml:51:17-84
70-->src/main/AndroidManifest.xml:51:25-81
71            </intent-filter>
72
73            <meta-data
73-->src/main/AndroidManifest.xml:53:13-55:70
74                android:name="android.appwidget.provider"
74-->src/main/AndroidManifest.xml:54:17-58
75                android:resource="@xml/demo_call_widget_info" />
75-->src/main/AndroidManifest.xml:55:17-67
76        </receiver>
77    </application>
78
79</manifest>